\BOOKMARK [0][-]{chapter.1}{Introduction}{}% 1
\BOOKMARK [0][-]{chapter.2}{History\040of\040Archetypes}{}% 2
\BOOKMARK [1][-]{section.2.1}{Philosophical\040roots}{chapter.2}% 3
\BOOKMARK [1][-]{section.2.2}{Carl\040Jung\040\(1875\040-\0401961\)}{chapter.2}% 4
\BOOKMARK [1][-]{section.2.3}{Archetypal\040Interpretation\040of\040the\040Tarot}{chapter.2}% 5
\BOOKMARK [1][-]{section.2.4}{Joseph\040Campbell\040\(1904\040-\0401987\)}{chapter.2}% 6
\BOOKMARK [1][-]{section.2.5}{Robert\040Moore\040\(1942\040-\0402016\)}{chapter.2}% 7
\BOOKMARK [1][-]{section.2.6}{Carol\040Pearson\040\(1944\040-\040Present\)}{chapter.2}% 8
\BOOKMARK [1][-]{section.2.7}{Recent\040Developpments}{chapter.2}% 9
\BOOKMARK [0][-]{chapter.3}{A\040Scientific\040Archetypism}{}% 10
\BOOKMARK [0][-]{chapter.4}{The\040Main\040Archetypes}{}% 11
\BOOKMARK [1][-]{section.4.1}{Masculine\040and\040Feminine}{chapter.4}% 12
\BOOKMARK [1][-]{section.4.2}{The\040Two\040Worlds}{chapter.4}% 13
\BOOKMARK [1][-]{section.4.3}{Known\040vs.\040Unknown}{chapter.4}% 14
\BOOKMARK [1][-]{section.4.4}{Time}{chapter.4}% 15
\BOOKMARK [1][-]{section.4.5}{Moral}{chapter.4}% 16
\BOOKMARK [1][-]{section.4.6}{Order}{chapter.4}% 17
\BOOKMARK [1][-]{section.4.7}{Death}{chapter.4}% 18
\BOOKMARK [1][-]{section.4.8}{The\040artist}{chapter.4}% 19
\BOOKMARK [1][-]{section.4.9}{The\040Serpent}{chapter.4}% 20
\BOOKMARK [1][-]{section.4.10}{Light\040and\040Shadow}{chapter.4}% 21
\BOOKMARK [0][-]{chapter.5}{Archetypes\040and\040Psychology}{}% 22
\BOOKMARK [1][-]{section.5.1}{Archetypes\040as\040Heuristics}{chapter.5}% 23
\BOOKMARK [1][-]{section.5.2}{Relationship\040with\040Personality}{chapter.5}% 24
\BOOKMARK [0][-]{chapter.6}{Archetypes\040and\040the\040Brain}{}% 25
\BOOKMARK [1][-]{section.6.1}{Origin}{chapter.6}% 26
\BOOKMARK [1][-]{section.6.2}{Archetypes\040as\040Neurocognitive\040Invariants}{chapter.6}% 27
\BOOKMARK [1][-]{section.6.3}{Neurological\040Substrate}{chapter.6}% 28
\BOOKMARK [0][-]{chapter.7}{Archetypal\040stories}{}% 29
\BOOKMARK [0][-]{chapter.8}{The\040Origin\040of\040Religions}{}% 30
